<?xml version="1.0" encoding="UTF-8"?>
<!-- Generated by org.testng.reporters.JUnitXMLReporter -->
<testsuite ignored="0" hostname="user" failures="0" tests="8" name="Default test" time="156.624" errors="0" timestamp="2022-08-20T20:41:35 IST">
  <testcase classname="TestCases.HoldingsTest" name="placeOrderTest" time="2.265"/>
  <testcase classname="TestCases.HoldingsTest" name="placeOrderTest" time="2.228"/>
  <testcase classname="TestCases.HoldingsTest" name="placeOrderTest" time="2.119"/>
  <testcase classname="TestCases.HoldingsTest" name="placeOrderTest" time="2.227"/>
  <testcase classname="TestCases.HoldingsTest" name="searchForTest" time="12.059"/>
  <testcase classname="TestCases.HoldingsTest" name="startTest" time="4.38"/>
  <testcase classname="TestCases.HoldingsTest" name="createGttTest" time="16.772"/>
  <testcase classname="TestCases.HoldingsTest" name="sellTest" time="22.04"/>
</testsuite> <!-- Default test -->
